<?xml version="1.0" encoding="UTF-8"?>
<!-- Generated by org.testng.reporters.JUnitReportReporter -->
<testsuite hostname="owner-PC" failures="0" tests="2" name="Test.ZerodhaHometest" time="27.519" errors="0" timestamp="2022-07-03T15:00:51 IST" skipped="0">
  <testcase classname="Test.ZerodhaHometest" name="loginn" time="9.577"/>
  <system-out/>
  <testcase classname="Test.ZerodhaHometest" name="hometest" time="17.942"/>
  <system-out/>
</testsuite> <!-- Test.ZerodhaHometest -->
