<?xml version="1.0" encoding="UTF-8"?>
<!-- Generated by org.testng.reporters.JUnitReportReporter -->
<testsuite hostname="owner-PC" failures="0" tests="1" name="Test.ZerodhaLoginpagetest" time="17.270" errors="0" timestamp="2022-06-29T14:08:08 IST" skipped="0">
  <testcase classname="Test.ZerodhaLoginpagetest" name="loginwithvalidcredentials" time="17.270"/>
  <system-out/>
</testsuite> <!-- Test.ZerodhaLoginpagetest -->
