<?xml version="1.0" encoding="UTF-8"?>
<!-- Generated by org.testng.reporters.JUnitReportReporter -->
<testsuite hostname="owner-PC" failures="0" tests="1" name="Test.ZerodhaHometest" time="16.516" errors="0" timestamp="2022-06-30T15:59:04 IST" skipped="0">
  <testcase classname="Test.ZerodhaHometest" name="loginn" time="16.516"/>
  <system-out/>
</testsuite> <!-- Test.ZerodhaHometest -->
